
// ==========================================================================
//  GPPG error listing for yacc source file <.\Parser.y - 2020-11-27 21:50:37>
// ==========================================================================
//  Version:  1.5.2
//  Machine:  DESKTOP-IIF7GAE
//  DateTime: 2020-11-27 21:50:43
//  UserName: Viking
// ==========================================================================



%output=Generated/Parser.cs
%namespace Parser

%union {
  public string Value;
  public Expression Expression;
}

%token <Value> ID
%token <Value> NUM
%token <Value> LEXERR

%token COMMA ","
%token ASN "="
%token LPAR "("
%token RPAR ")"

%token ADD "+"
%token SUB "-"
%token MUL "*"
%token DIV "/"

%token LET "let"
%token IN "in"

%type <Expression> E, E1, E2, E3, E4, E5

%%

E : E "," E1						{ $$ = new SequenceExpression($1, $3);
//----------------^
// Error: Position of unmatched brace
// ----------------------------------
   | E1								{ $$ = $1; }
   ;

E1: "let" ID "=" E "in" E1			{ $$ = new LetExpression($2, $4, $6); }
  | "let" ID ID "=" E "in" E1		{ $$ = new LetRecExpression($2, $3, $5, $7); }
  | E2								{ $$ = $1; }
  ;

E2 : E2 "+" E3						{ $$ = new BinaryOperatorExpression($1, $3, BinaryOperator.Add); }
   | E2 "-" E3						{ $$ = new BinaryOperatorExpression($1, $3, BinaryOperator.Sub); }
   | E3								{ $$ = $1; }
   ;

E3 : E3 "*" E4						{ $$ = new BinaryOperatorExpression($1, $3, BinaryOperator.Mul); }
   | E3 "/" E4						{ $$ = new BinaryOperatorExpression($1, $3, BinaryOperator.Div); }
   | E4								{ $$ = $1; }
   ;

E4 : ID E5							{ $$ = new ApplicationExpression($1, $2); }
   | E5								{ $$ = $1; }
   ;

E5 : "(" E ")"						{ $$ = $2; }
   | ID								{ $$ = new VariableExpression($1); }
   | NUM							{ $$ = new NumberExpression($1); }
   ;

%%
// Error: Premature termination of Code Block
// Error: Syntax error, unexpected %%, expecting codeEnd, or error
// ---------------------------------------------------------------

public Expression Program;
public Parser(Scanner s) : base(s) { }//----------^^--------^^------^^^^
// Error: This character is invalid in this context
// Error: This character is invalid in this context
// Error: This character is invalid in this context
// Error: This character is invalid in this context
// ------------------------------------------------
// ==========================================================================

